android/app/build/intermediates/manifest_merge_blame_file/debug/manifest-merger-blame-debug-report.txt
1<?xml version="1.0" encoding="utf-8"?>
2<manifest xmlns:android="http://schemas.android.com/apk/res/android"
3    package="com.pokestack"
4    android:versionCode="1"
5    android:versionName="1.0" >
6
7    <uses-sdk
8        android:minSdkVersion="21"
9        android:targetSdkVersion="31" />
10
11    <uses-permission android:name="android.permission.SYSTEM_ALERT_WINDOW" />
11-->src\debug\AndroidManifest.xml:5:5-77
11-->src\debug\AndroidManifest.xml:5:22-75
12    <uses-permission android:name="android.permission.INTERNET" />
12-->src\main\AndroidManifest.xml:4:5-67
12-->src\main\AndroidManifest.xml:4:22-64
13    <uses-permission android:name="android.permission.CALL_PHONE" />
13-->src\main\AndroidManifest.xml:5:5-69
13-->src\main\AndroidManifest.xml:5:22-66
14    <uses-permission android:name="android.permission.CAMERA" />
14-->src\main\AndroidManifest.xml:6:5-64
14-->src\main\AndroidManifest.xml:6:22-62
15    <uses-permission android:name="android.permission.WRITE_EXTERNAL_STORAGE" />
15-->src\main\AndroidManifest.xml:7:5-80
15-->src\main\AndroidManifest.xml:7:22-78
16    <uses-permission android:name="android.permission.ACCESS_WIFI_STATE" />
16-->[com.facebook.flipper:flipper:0.125.0] AndroidManifest.xml:16:5-76
16-->[com.facebook.flipper:flipper:0.125.0] AndroidManifest.xml:16:22-73
17    <uses-permission android:name="android.permission.ACCESS_COARSE_LOCATION" />
17-->[:react-native-maps] AndroidManifest.xml:10:5-81
17-->[:react-native-maps] AndroidManifest.xml:10:22-78
18    <uses-permission android:name="android.permission.WAKE_LOCK" />
18-->[androidx.work:work-runtime:2.7.1] AndroidManifest.xml:25:5-68
18-->[androidx.work:work-runtime:2.7.1] AndroidManifest.xml:25:22-65
19    <uses-permission android:name="android.permission.ACCESS_NETWORK_STATE" />
19-->[androidx.work:work-runtime:2.7.1] AndroidManifest.xml:26:5-79
19-->[androidx.work:work-runtime:2.7.1] AndroidManifest.xml:26:22-76
20    <uses-permission android:name="android.permission.RECEIVE_BOOT_COMPLETED" />
20-->[androidx.work:work-runtime:2.7.1] AndroidManifest.xml:27:5-81
20-->[androidx.work:work-runtime:2.7.1] AndroidManifest.xml:27:22-78
21    <uses-permission android:name="android.permission.FOREGROUND_SERVICE" />
21-->[androidx.work:work-runtime:2.7.1] AndroidManifest.xml:28:5-77
21-->[androidx.work:work-runtime:2.7.1] AndroidManifest.xml:28:22-74
22
23    <uses-feature
23-->[com.google.android.gms:play-services-maps:18.0.2] AndroidManifest.xml:26:5-28:35
24        android:glEsVersion="0x00020000"
24-->[com.google.android.gms:play-services-maps:18.0.2] AndroidManifest.xml:27:9-41
25        android:required="true" />
25-->[com.google.android.gms:play-services-maps:18.0.2] AndroidManifest.xml:28:9-32
26
27    <queries>
27-->[com.google.android.gms:play-services-maps:18.0.2] AndroidManifest.xml:30:5-34:15
28
29        <!-- Needs to be explicitly declared on Android R+ -->
30        <package android:name="com.google.android.apps.maps" />
30-->[com.google.android.gms:play-services-maps:18.0.2] AndroidManifest.xml:33:9-64
30-->[com.google.android.gms:play-services-maps:18.0.2] AndroidManifest.xml:33:18-61
31    </queries>
32
33    <application
33-->src\main\AndroidManifest.xml:9:5-33:19
34        android:name="com.pokestack.MainApplication"
34-->src\main\AndroidManifest.xml:10:7-38
35        android:allowBackup="false"
35-->src\main\AndroidManifest.xml:14:7-34
36        android:appComponentFactory="androidx.core.app.CoreComponentFactory"
36-->[androidx.core:core:1.6.0] AndroidManifest.xml:24:18-86
37        android:debuggable="true"
38        android:icon="@mipmap/ic_launcher"
38-->src\main\AndroidManifest.xml:12:7-41
39        android:label="@string/app_name"
39-->src\main\AndroidManifest.xml:11:7-39
40        android:roundIcon="@mipmap/ic_launcher_round"
40-->src\main\AndroidManifest.xml:13:7-52
41        android:theme="@style/AppTheme"
41-->src\main\AndroidManifest.xml:15:7-38
42        android:usesCleartextTraffic="true" >
42-->src\debug\AndroidManifest.xml:8:9-44
43        <activity
43-->src\debug\AndroidManifest.xml:11:9-111
44            android:name="com.facebook.react.devsupport.DevSettingsActivity"
44-->src\debug\AndroidManifest.xml:11:19-83
45            android:exported="false" />
45-->src\debug\AndroidManifest.xml:11:84-108
46        <activity
46-->src\main\AndroidManifest.xml:16:7-28:18
47            android:name="com.pokestack.MainActivity"
47-->src\main\AndroidManifest.xml:17:9-37
48            android:configChanges="keyboard|keyboardHidden|orientation|screenLayout|screenSize|smallestScreenSize|uiMode"
48-->src\main\AndroidManifest.xml:19:9-118
49            android:exported="true"
49-->src\main\AndroidManifest.xml:23:9-32
50            android:label="@string/app_name"
50-->src\main\AndroidManifest.xml:18:9-41
51            android:launchMode="singleTask"
51-->src\main\AndroidManifest.xml:21:9-40
52            android:screenOrientation="portrait"
52-->src\main\AndroidManifest.xml:20:9-45
53            android:windowSoftInputMode="adjustResize" >
53-->src\main\AndroidManifest.xml:22:9-51
54            <intent-filter>
54-->src\main\AndroidManifest.xml:24:9-27:25
55                <action android:name="android.intent.action.MAIN" />
55-->src\main\AndroidManifest.xml:25:13-65
55-->src\main\AndroidManifest.xml:25:21-62
56
57                <category android:name="android.intent.category.LAUNCHER" />
57-->src\main\AndroidManifest.xml:26:13-73
57-->src\main\AndroidManifest.xml:26:23-70
58            </intent-filter>
59        </activity>
60
61        <meta-data
61-->src\main\AndroidManifest.xml:29:7-31:66
62            android:name="com.google.android.geo.API_KEY"
62-->src\main\AndroidManifest.xml:30:9-54
63            android:value="AIzaSyBaYe1b21gRMlPkq3nNlMfh6hOUcjfAcns" />
63-->src\main\AndroidManifest.xml:31:9-64
64
65        <uses-library
65-->src\main\AndroidManifest.xml:32:7-85
66            android:name="org.apache.http.legacy"
66-->src\main\AndroidManifest.xml:32:21-58
67            android:required="false" />
67-->src\main\AndroidManifest.xml:32:59-83
68
69        <provider
69-->[:react-native-image-picker] AndroidManifest.xml:10:9-18:20
70            android:name="com.imagepicker.ImagePickerProvider"
70-->[:react-native-image-picker] AndroidManifest.xml:11:13-63
71            android:authorities="com.pokestack.imagepickerprovider"
71-->[:react-native-image-picker] AndroidManifest.xml:12:13-71
72            android:exported="false"
72-->[:react-native-image-picker] AndroidManifest.xml:13:13-37
73            android:grantUriPermissions="true" >
73-->[:react-native-image-picker] AndroidManifest.xml:14:13-47
74            <meta-data
74-->[:react-native-image-picker] AndroidManifest.xml:15:13-17:70
75                android:name="android.support.FILE_PROVIDER_PATHS"
75-->[:react-native-image-picker] AndroidManifest.xml:16:17-67
76                android:resource="@xml/imagepicker_provider_paths" />
76-->[:react-native-image-picker] AndroidManifest.xml:17:17-67
77        </provider>
78        <provider
78-->[androidx.work:work-runtime:2.7.1] AndroidManifest.xml:31:9-39:20
79            android:name="androidx.startup.InitializationProvider"
79-->[androidx.work:work-runtime:2.7.1] AndroidManifest.xml:32:13-67
80            android:authorities="com.pokestack.androidx-startup"
80-->[androidx.work:work-runtime:2.7.1] AndroidManifest.xml:33:13-68
81            android:exported="false" >
81-->[androidx.work:work-runtime:2.7.1] AndroidManifest.xml:34:13-37
82            <meta-data
82-->[androidx.work:work-runtime:2.7.1] AndroidManifest.xml:36:13-38:52
83                android:name="androidx.work.WorkManagerInitializer"
83-->[androidx.work:work-runtime:2.7.1] AndroidManifest.xml:37:17-68
84                android:value="androidx.startup" />
84-->[androidx.work:work-runtime:2.7.1] AndroidManifest.xml:38:17-49
85        </provider>
86
87        <service
87-->[androidx.work:work-runtime:2.7.1] AndroidManifest.xml:41:9-46:35
88            android:name="androidx.work.impl.background.systemalarm.SystemAlarmService"
88-->[androidx.work:work-runtime:2.7.1] AndroidManifest.xml:42:13-88
89            android:directBootAware="false"
89-->[androidx.work:work-runtime:2.7.1] AndroidManifest.xml:43:13-44
90            android:enabled="@bool/enable_system_alarm_service_default"
90-->[androidx.work:work-runtime:2.7.1] AndroidManifest.xml:44:13-72
91            android:exported="false" />
91-->[androidx.work:work-runtime:2.7.1] AndroidManifest.xml:45:13-37
92        <service
92-->[androidx.work:work-runtime:2.7.1] AndroidManifest.xml:47:9-53:35
93            android:name="androidx.work.impl.background.systemjob.SystemJobService"
93-->[androidx.work:work-runtime:2.7.1] AndroidManifest.xml:48:13-84
94            android:directBootAware="false"
94-->[androidx.work:work-runtime:2.7.1] AndroidManifest.xml:49:13-44
95            android:enabled="@bool/enable_system_job_service_default"
95-->[androidx.work:work-runtime:2.7.1] AndroidManifest.xml:50:13-70
96            android:exported="true"
96-->[androidx.work:work-runtime:2.7.1] AndroidManifest.xml:51:13-36
97            android:permission="android.permission.BIND_JOB_SERVICE" />
97-->[androidx.work:work-runtime:2.7.1] AndroidManifest.xml:52:13-69
98        <service
98-->[androidx.work:work-runtime:2.7.1] AndroidManifest.xml:54:9-59:35
99            android:name="androidx.work.impl.foreground.SystemForegroundService"
99-->[androidx.work:work-runtime:2.7.1] AndroidManifest.xml:55:13-81
100            android:directBootAware="false"
100-->[androidx.work:work-runtime:2.7.1] AndroidManifest.xml:56:13-44
101            android:enabled="@bool/enable_system_foreground_service_default"
101-->[androidx.work:work-runtime:2.7.1] AndroidManifest.xml:57:13-77
102            android:exported="false" />
102-->[androidx.work:work-runtime:2.7.1] AndroidManifest.xml:58:13-37
103
104        <receiver
104-->[androidx.work:work-runtime:2.7.1] AndroidManifest.xml:61:9-66:35
105            android:name="androidx.work.impl.utils.ForceStopRunnable$BroadcastReceiver"
105-->[androidx.work:work-runtime:2.7.1] AndroidManifest.xml:62:13-88
106            android:directBootAware="false"
106-->[androidx.work:work-runtime:2.7.1] AndroidManifest.xml:63:13-44
107            android:enabled="true"
107-->[androidx.work:work-runtime:2.7.1] AndroidManifest.xml:64:13-35
108            android:exported="false" />
108-->[androidx.work:work-runtime:2.7.1] AndroidManifest.xml:65:13-37
109        <receiver
109-->[androidx.work:work-runtime:2.7.1] AndroidManifest.xml:67:9-77:20
110            android:name="androidx.work.impl.background.systemalarm.ConstraintProxy$BatteryChargingProxy"
110-->[androidx.work:work-runtime:2.7.1] AndroidManifest.xml:68:13-106
111            android:directBootAware="false"
111-->[androidx.work:work-runtime:2.7.1] AndroidManifest.xml:69:13-44
112            android:enabled="false"
112-->[androidx.work:work-runtime:2.7.1] AndroidManifest.xml:70:13-36
113            android:exported="false" >
113-->[androidx.work:work-runtime:2.7.1] AndroidManifest.xml:71:13-37
114            <intent-filter>
114-->[androidx.work:work-runtime:2.7.1] AndroidManifest.xml:73:13-76:29
115                <action android:name="android.intent.action.ACTION_POWER_CONNECTED" />
115-->[androidx.work:work-runtime:2.7.1] AndroidManifest.xml:74:17-87
115-->[androidx.work:work-runtime:2.7.1] AndroidManifest.xml:74:25-84
116                <action android:name="android.intent.action.ACTION_POWER_DISCONNECTED" />
116-->[androidx.work:work-runtime:2.7.1] AndroidManifest.xml:75:17-90
116-->[androidx.work:work-runtime:2.7.1] AndroidManifest.xml:75:25-87
117            </intent-filter>
118        </receiver>
119        <receiver
119-->[androidx.work:work-runtime:2.7.1] AndroidManifest.xml:78:9-88:20
120            android:name="androidx.work.impl.background.systemalarm.ConstraintProxy$BatteryNotLowProxy"
120-->[androidx.work:work-runtime:2.7.1] AndroidManifest.xml:79:13-104
121            android:directBootAware="false"
121-->[androidx.work:work-runtime:2.7.1] AndroidManifest.xml:80:13-44
122            android:enabled="false"
122-->[androidx.work:work-runtime:2.7.1] AndroidManifest.xml:81:13-36
123            android:exported="false" >
123-->[androidx.work:work-runtime:2.7.1] AndroidManifest.xml:82:13-37
124            <intent-filter>
124-->[androidx.work:work-runtime:2.7.1] AndroidManifest.xml:84:13-87:29
125                <action android:name="android.intent.action.BATTERY_OKAY" />
125-->[androidx.work:work-runtime:2.7.1] AndroidManifest.xml:85:17-77
125-->[androidx.work:work-runtime:2.7.1] AndroidManifest.xml:85:25-74
126                <action android:name="android.intent.action.BATTERY_LOW" />
126-->[androidx.work:work-runtime:2.7.1] AndroidManifest.xml:86:17-76
126-->[androidx.work:work-runtime:2.7.1] AndroidManifest.xml:86:25-73
127            </intent-filter>
128        </receiver>
129        <receiver
129-->[androidx.work:work-runtime:2.7.1] AndroidManifest.xml:89:9-99:20
130            android:name="androidx.work.impl.background.systemalarm.ConstraintProxy$StorageNotLowProxy"
130-->[androidx.work:work-runtime:2.7.1] AndroidManifest.xml:90:13-104
131            android:directBootAware="false"
131-->[androidx.work:work-runtime:2.7.1] AndroidManifest.xml:91:13-44
132            android:enabled="false"
132-->[androidx.work:work-runtime:2.7.1] AndroidManifest.xml:92:13-36
133            android:exported="false" >
133-->[androidx.work:work-runtime:2.7.1] AndroidManifest.xml:93:13-37
134            <intent-filter>
134-->[androidx.work:work-runtime:2.7.1] AndroidManifest.xml:95:13-98:29
135                <action android:name="android.intent.action.DEVICE_STORAGE_LOW" />
135-->[androidx.work:work-runtime:2.7.1] AndroidManifest.xml:96:17-83
135-->[androidx.work:work-runtime:2.7.1] AndroidManifest.xml:96:25-80
136                <action android:name="android.intent.action.DEVICE_STORAGE_OK" />
136-->[androidx.work:work-runtime:2.7.1] AndroidManifest.xml:97:17-82
136-->[androidx.work:work-runtime:2.7.1] AndroidManifest.xml:97:25-79
137            </intent-filter>
138        </receiver>
139        <receiver
139-->[androidx.work:work-runtime:2.7.1] AndroidManifest.xml:100:9-109:20
140            android:name="androidx.work.impl.background.systemalarm.ConstraintProxy$NetworkStateProxy"
140-->[androidx.work:work-runtime:2.7.1] AndroidManifest.xml:101:13-103
141            android:directBootAware="false"
141-->[androidx.work:work-runtime:2.7.1] AndroidManifest.xml:102:13-44
142            android:enabled="false"
142-->[androidx.work:work-runtime:2.7.1] AndroidManifest.xml:103:13-36
143            android:exported="false" >
143-->[androidx.work:work-runtime:2.7.1] AndroidManifest.xml:104:13-37
144            <intent-filter>
144-->[androidx.work:work-runtime:2.7.1] AndroidManifest.xml:106:13-108:29
145                <action android:name="android.net.conn.CONNECTIVITY_CHANGE" />
145-->[androidx.work:work-runtime:2.7.1] AndroidManifest.xml:107:17-79
145-->[androidx.work:work-runtime:2.7.1] AndroidManifest.xml:107:25-76
146            </intent-filter>
147        </receiver>
148        <receiver
148-->[androidx.work:work-runtime:2.7.1] AndroidManifest.xml:110:9-121:20
149            android:name="androidx.work.impl.background.systemalarm.RescheduleReceiver"
149-->[androidx.work:work-runtime:2.7.1] AndroidManifest.xml:111:13-88
150            android:directBootAware="false"
150-->[androidx.work:work-runtime:2.7.1] AndroidManifest.xml:112:13-44
151            android:enabled="false"
151-->[androidx.work:work-runtime:2.7.1] AndroidManifest.xml:113:13-36
152            android:exported="false" >
152-->[androidx.work:work-runtime:2.7.1] AndroidManifest.xml:114:13-37
153            <intent-filter>
153-->[androidx.work:work-runtime:2.7.1] AndroidManifest.xml:116:13-120:29
154                <action android:name="android.intent.action.BOOT_COMPLETED" />
154-->[androidx.work:work-runtime:2.7.1] AndroidManifest.xml:117:17-79
154-->[androidx.work:work-runtime:2.7.1] AndroidManifest.xml:117:25-76
155                <action android:name="android.intent.action.TIME_SET" />
155-->[androidx.work:work-runtime:2.7.1] AndroidManifest.xml:118:17-73
155-->[androidx.work:work-runtime:2.7.1] AndroidManifest.xml:118:25-70
156                <action android:name="android.intent.action.TIMEZONE_CHANGED" />
156-->[androidx.work:work-runtime:2.7.1] AndroidManifest.xml:119:17-81
156-->[androidx.work:work-runtime:2.7.1] AndroidManifest.xml:119:25-78
157            </intent-filter>
158        </receiver>
159        <receiver
159-->[androidx.work:work-runtime:2.7.1] AndroidManifest.xml:122:9-131:20
160            android:name="androidx.work.impl.background.systemalarm.ConstraintProxyUpdateReceiver"
160-->[androidx.work:work-runtime:2.7.1] AndroidManifest.xml:123:13-99
161            android:directBootAware="false"
161-->[androidx.work:work-runtime:2.7.1] AndroidManifest.xml:124:13-44
162            android:enabled="@bool/enable_system_alarm_service_default"
162-->[androidx.work:work-runtime:2.7.1] AndroidManifest.xml:125:13-72
163            android:exported="false" >
163-->[androidx.work:work-runtime:2.7.1] AndroidManifest.xml:126:13-37
164            <intent-filter>
164-->[androidx.work:work-runtime:2.7.1] AndroidManifest.xml:128:13-130:29
165                <action android:name="androidx.work.impl.background.systemalarm.UpdateProxies" />
165-->[androidx.work:work-runtime:2.7.1] AndroidManifest.xml:129:17-98
165-->[androidx.work:work-runtime:2.7.1] AndroidManifest.xml:129:25-95
166            </intent-filter>
167        </receiver>
168        <receiver
168-->[androidx.work:work-runtime:2.7.1] AndroidManifest.xml:132:9-142:20
169            android:name="androidx.work.impl.diagnostics.DiagnosticsReceiver"
169-->[androidx.work:work-runtime:2.7.1] AndroidManifest.xml:133:13-78
170            android:directBootAware="false"
170-->[androidx.work:work-runtime:2.7.1] AndroidManifest.xml:134:13-44
171            android:enabled="true"
171-->[androidx.work:work-runtime:2.7.1] AndroidManifest.xml:135:13-35
172            android:exported="true"
172-->[androidx.work:work-runtime:2.7.1] AndroidManifest.xml:136:13-36
173            android:permission="android.permission.DUMP" >
173-->[androidx.work:work-runtime:2.7.1] AndroidManifest.xml:137:13-57
174            <intent-filter>
174-->[androidx.work:work-runtime:2.7.1] AndroidManifest.xml:139:13-141:29
175                <action android:name="androidx.work.diagnostics.REQUEST_DIAGNOSTICS" />
175-->[androidx.work:work-runtime:2.7.1] AndroidManifest.xml:140:17-88
175-->[androidx.work:work-runtime:2.7.1] AndroidManifest.xml:140:25-85
176            </intent-filter>
177        </receiver>
178
179        <service
179-->[androidx.room:room-runtime:2.2.5] AndroidManifest.xml:25:9-28:40
180            android:name="androidx.room.MultiInstanceInvalidationService"
180-->[androidx.room:room-runtime:2.2.5] AndroidManifest.xml:26:13-74
181            android:directBootAware="true"
181-->[androidx.room:room-runtime:2.2.5] AndroidManifest.xml:27:13-43
182            android:exported="false" />
182-->[androidx.room:room-runtime:2.2.5] AndroidManifest.xml:28:13-37
183
184        <activity
184-->[com.google.android.gms:play-services-base:18.0.1] AndroidManifest.xml:20:9-22:45
185            android:name="com.google.android.gms.common.api.GoogleApiActivity"
185-->[com.google.android.gms:play-services-base:18.0.1] AndroidManifest.xml:20:19-85
186            android:exported="false"
186-->[com.google.android.gms:play-services-base:18.0.1] AndroidManifest.xml:22:19-43
187            android:theme="@android:style/Theme.Translucent.NoTitleBar" />
187-->[com.google.android.gms:play-services-base:18.0.1] AndroidManifest.xml:21:19-78
188
189        <meta-data
189-->[com.google.android.gms:play-services-basement:18.0.0] AndroidManifest.xml:21:9-23:69
190            android:name="com.google.android.gms.version"
190-->[com.google.android.gms:play-services-basement:18.0.0] AndroidManifest.xml:22:13-58
191            android:value="@integer/google_play_services_version" />
191-->[com.google.android.gms:play-services-basement:18.0.0] AndroidManifest.xml:23:13-66
192    </application>
193
194</manifest>